<?xml version="1.0" encoding="UTF-8"?>
<testsuite name="org.example.spring.domain.posts.PostsRepositoryTest" tests="2" skipped="0" failures="0" errors="0" timestamp="2020-05-07T17:45:47" hostname="ThinkPad" time="0.026">
  <properties/>
  <testcase name="register_BaseTimeEntity" classname="org.example.spring.domain.posts.PostsRepositoryTest" time="0.018"/>
  <testcase name="load_posts" classname="org.example.spring.domain.posts.PostsRepositoryTest" time="0.008"/>
  <system-out><![CDATA[2020-05-08 02:45:46.674  INFO 112158 --- [    Test worker] .b.t.c.SpringBootTestContextBootstrapper : Neither @ContextConfiguration nor @ContextHierarchy found for test class [org.example.spring.domain.posts.PostsRepositoryTest], using SpringBootContextLoader
2020-05-08 02:45:46.674  INFO 112158 --- [    Test worker] o.s.t.c.support.AbstractContextLoader    : Could not detect default resource locations for test class [org.example.spring.domain.posts.PostsRepositoryTest]: no resource found for suffixes {-context.xml, Context.groovy}.
2020-05-08 02:45:46.675  INFO 112158 --- [    Test worker] t.c.s.AnnotationConfigContextLoaderUtils : Could not detect default configuration classes for test class [org.example.spring.domain.posts.PostsRepositoryTest]: PostsRepositoryTest does not declare any static, non-private, non-final, nested classes annotated with @Configuration.
2020-05-08 02:45:46.681  INFO 112158 --- [    Test worker] .b.t.c.SpringBootTestContextBootstrapper : Found @SpringBootConfiguration org.example.spring.Application for test class org.example.spring.domain.posts.PostsRepositoryTest
2020-05-08 02:45:46.682  INFO 112158 --- [    Test worker] .b.t.c.SpringBootTestContextBootstrapper : Loaded default TestExecutionListener class names from location [META-INF/spring.factories]: [org.springframework.security.test.context.support.WithSecurityContextTestExecutionListener, org.springframework.security.test.context.support.ReactorContextTestExecutionListener, org.springframework.boot.test.autoconfigure.restdocs.RestDocsTestExecutionListener, org.springframework.boot.test.autoconfigure.web.client.MockRestServiceServerResetTestExecutionListener, org.springframework.boot.test.autoconfigure.web.servlet.MockMvcPrintOnlyOnFailureTestExecutionListener, org.springframework.boot.test.autoconfigure.web.servlet.WebDriverTestExecutionListener, org.springframework.boot.test.mock.mockito.MockitoTestExecutionListener, org.springframework.boot.test.mock.mockito.ResetMocksTestExecutionListener, org.springframework.test.context.web.ServletTestExecutionListener, org.springframework.test.context.support.DirtiesContextBeforeModesTestExecutionListener, org.springframework.test.context.support.DependencyInjectionTestExecutionListener, org.springframework.test.context.support.DirtiesContextTestExecutionListener, org.springframework.test.context.transaction.TransactionalTestExecutionListener, org.springframework.test.context.jdbc.SqlScriptsTestExecutionListener]
2020-05-08 02:45:46.683  INFO 112158 --- [    Test worker] .b.t.c.SpringBootTestContextBootstrapper : Using TestExecutionListeners: [org.springframework.test.context.web.ServletTestExecutionListener@646f06d5, org.springframework.test.context.support.DirtiesContextBeforeModesTestExecutionListener@66bf356c, org.springframework.boot.test.mock.mockito.MockitoTestExecutionListener@3b16e016, org.springframework.boot.test.autoconfigure.SpringBootDependencyInjectionTestExecutionListener@6a52f986, org.springframework.test.context.support.DirtiesContextTestExecutionListener@761703b7, org.springframework.test.context.transaction.TransactionalTestExecutionListener@699c4c4c, org.springframework.test.context.jdbc.SqlScriptsTestExecutionListener@65061739, org.springframework.security.test.context.support.WithSecurityContextTestExecutionListener@18654cd6, org.springframework.security.test.context.support.ReactorContextTestExecutionListener@56a1eed6, org.springframework.boot.test.autoconfigure.restdocs.RestDocsTestExecutionListener@5d543662, org.springframework.boot.test.autoconfigure.web.client.MockRestServiceServerResetTestExecutionListener@8be5d2e, org.springframework.boot.test.autoconfigure.web.servlet.MockMvcPrintOnlyOnFailureTestExecutionListener@3a0fa313, org.springframework.boot.test.autoconfigure.web.servlet.WebDriverTestExecutionListener@63813dda, org.springframework.boot.test.mock.mockito.ResetMocksTestExecutionListener@1f9ae0ee]

  .   ____          _            __ _ _
 /\\ / ___'_ __ _ _(_)_ __  __ _ \ \ \ \
( ( )\___ | '_ | '_| | '_ \/ _` | \ \ \ \
 \\/  ___)| |_)| | | | | || (_| |  ) ) ) )
  '  |____| .__|_| |_|_| |_\__, | / / / /
 =========|_|==============|___/=/_/_/_/
 :: Spring Boot ::        (v2.1.7.RELEASE)

2020-05-08 02:45:46.700  INFO 112158 --- [    Test worker] o.e.s.domain.posts.PostsRepositoryTest   : Starting PostsRepositoryTest on ThinkPad with PID 112158 (started by oem in /home/oem/IdeaProjects/aws-spring)
2020-05-08 02:45:46.701  INFO 112158 --- [    Test worker] o.e.s.domain.posts.PostsRepositoryTest   : No active profile set, falling back to default profiles: default
2020-05-08 02:45:46.836  INFO 112158 --- [    Test worker] .s.d.r.c.RepositoryConfigurationDelegate : Bootstrapping Spring Data repositories in DEFAULT mode.
2020-05-08 02:45:46.844  INFO 112158 --- [    Test worker] .s.d.r.c.RepositoryConfigurationDelegate : Finished Spring Data repository scanning in 8ms. Found 2 repository interfaces.
2020-05-08 02:45:46.905  INFO 112158 --- [    Test worker] trationDelegate$BeanPostProcessorChecker : Bean 'org.springframework.transaction.annotation.ProxyTransactionManagementConfiguration' of type [org.springframework.transaction.annotation.ProxyTransactionManagementConfiguration$$EnhancerBySpringCGLIB$$dd7a8f5d] is not eligible for getting processed by all BeanPostProcessors (for example: not eligible for auto-proxying)
2020-05-08 02:45:46.958  INFO 112158 --- [    Test worker] com.zaxxer.hikari.HikariDataSource       : HikariPool-2 - Starting...
2020-05-08 02:45:46.960  INFO 112158 --- [    Test worker] com.zaxxer.hikari.HikariDataSource       : HikariPool-2 - Start completed.
2020-05-08 02:45:46.971  INFO 112158 --- [    Test worker] o.hibernate.jpa.internal.util.LogHelper  : HHH000204: Processing PersistenceUnitInfo [
	name: default
	...]
2020-05-08 02:45:46.975  INFO 112158 --- [    Test worker] org.hibernate.dialect.Dialect            : HHH000400: Using dialect: org.hibernate.dialect.MySQL5InnoDBDialect
Hibernate: drop table if exists posts
Hibernate: drop table if exists user
Hibernate: create table posts (id bigint not null auto_increment, created_date datetime, modified_date datetime, author varchar(255), content TEXT not null, title varchar(500) not null, primary key (id)) engine=InnoDB
Hibernate: create table user (id bigint not null auto_increment, created_date datetime, modified_date datetime, email varchar(255) not null, name varchar(255) not null, picture varchar(255), role varchar(255) not null, primary key (id)) engine=InnoDB
2020-05-08 02:45:47.009  INFO 112158 --- [    Test worker] o.h.t.schema.internal.SchemaCreatorImpl  : HHH000476: Executing import script 'org.hibernate.tool.schema.internal.exec.ScriptSourceInputNonExistentImpl@754de165'
2020-05-08 02:45:47.009  INFO 112158 --- [    Test worker] j.LocalContainerEntityManagerFactoryBean : Initialized JPA EntityManagerFactory for persistence unit 'default'
2020-05-08 02:45:47.154  INFO 112158 --- [    Test worker] o.h.h.i.QueryTranslatorFactoryInitiator  : HHH000397: Using ASTQueryTranslatorFactory
2020-05-08 02:45:47.234  INFO 112158 --- [    Test worker] o.s.s.web.DefaultSecurityFilterChain     : Creating filter chain: any request, [org.springframework.security.web.context.request.async.WebAsyncManagerIntegrationFilter@1170de12, org.springframework.security.web.context.SecurityContextPersistenceFilter@2efcdaa0, org.springframework.security.web.header.HeaderWriterFilter@6e8268de, org.springframework.security.web.authentication.logout.LogoutFilter@3caa5e4e, org.springframework.security.oauth2.client.web.OAuth2AuthorizationRequestRedirectFilter@5a8f48ab, org.springframework.security.oauth2.client.web.OAuth2LoginAuthenticationFilter@18e3cf45, org.springframework.security.web.authentication.ui.DefaultLoginPageGeneratingFilter@744bb3bd, org.springframework.security.web.authentication.ui.DefaultLogoutPageGeneratingFilter@7808ac43, org.springframework.security.web.savedrequest.RequestCacheAwareFilter@13e80f8d, org.springframework.security.web.servletapi.SecurityContextHolderAwareRequestFilter@6e5151b6, org.springframework.security.web.authentication.AnonymousAuthenticationFilter@586269f9, org.springframework.security.web.session.SessionManagementFilter@727d1fae, org.springframework.security.web.access.ExceptionTranslationFilter@3021a10b, org.springframework.security.web.access.intercept.FilterSecurityInterceptor@2119010e]
2020-05-08 02:45:47.367  INFO 112158 --- [    Test worker] o.s.s.concurrent.ThreadPoolTaskExecutor  : Initializing ExecutorService 'applicationTaskExecutor'
2020-05-08 02:45:47.374  WARN 112158 --- [    Test worker] aWebConfiguration$JpaWebMvcConfiguration : spring.jpa.open-in-view is enabled by default. Therefore, database queries may be performed during view rendering. Explicitly configure spring.jpa.open-in-view to disable this warning
2020-05-08 02:45:47.387  INFO 112158 --- [    Test worker] o.s.b.a.w.s.WelcomePageHandlerMapping    : Adding welcome page template: index
2020-05-08 02:45:47.545  INFO 112158 --- [    Test worker] s.a.ScheduledAnnotationBeanPostProcessor : No TaskScheduler/ScheduledExecutorService bean found for scheduled processing
2020-05-08 02:45:47.547  INFO 112158 --- [    Test worker] o.e.s.domain.posts.PostsRepositoryTest   : Started PostsRepositoryTest in 0.862 seconds (JVM running for 6.307)
Hibernate: insert into posts (created_date, modified_date, author, content, title) values (?, ?, ?, ?, ?)
Hibernate: select posts0_.id as id1_0_, posts0_.created_date as created_2_0_, posts0_.modified_date as modified3_0_, posts0_.author as author4_0_, posts0_.content as content5_0_, posts0_.title as title6_0_ from posts posts0_
******** createDate=2020-05-08T02:45:47.555189, modifiedDate=2020-05-08T02:45:47.555189
Hibernate: select posts0_.id as id1_0_, posts0_.created_date as created_2_0_, posts0_.modified_date as modified3_0_, posts0_.author as author4_0_, posts0_.content as content5_0_, posts0_.title as title6_0_ from posts posts0_
Hibernate: delete from posts where id=?
Hibernate: insert into posts (created_date, modified_date, author, content, title) values (?, ?, ?, ?, ?)
Hibernate: select posts0_.id as id1_0_, posts0_.created_date as created_2_0_, posts0_.modified_date as modified3_0_, posts0_.author as author4_0_, posts0_.content as content5_0_, posts0_.title as title6_0_ from posts posts0_
Hibernate: select posts0_.id as id1_0_, posts0_.created_date as created_2_0_, posts0_.modified_date as modified3_0_, posts0_.author as author4_0_, posts0_.content as content5_0_, posts0_.title as title6_0_ from posts posts0_
Hibernate: delete from posts where id=?
]]></system-out>
  <system-err><![CDATA[]]></system-err>
</testsuite>
