<?xml version="1.0" encoding="UTF-8"?>
<testsuite name="org.example.spring.web.HelloControllerTest" tests="2" skipped="0" failures="0" errors="0" timestamp="2020-05-07T17:45:43" hostname="ThinkPad" time="0.286">
  <properties/>
  <testcase name="return_helloDto" classname="org.example.spring.web.HelloControllerTest" time="0.278"/>
  <testcase name="return_hello" classname="org.example.spring.web.HelloControllerTest" time="0.007"/>
  <system-out><![CDATA[02:45:41.637 [Test worker] DEBUG org.springframework.test.context.junit4.SpringJUnit4ClassRunner - SpringJUnit4ClassRunner constructor called with [class org.example.spring.web.HelloControllerTest]
02:45:41.644 [Test worker] DEBUG org.springframework.test.context.BootstrapUtils - Instantiating CacheAwareContextLoaderDelegate from class [org.springframework.test.context.cache.DefaultCacheAwareContextLoaderDelegate]
02:45:41.649 [Test worker] DEBUG org.springframework.test.context.BootstrapUtils - Instantiating BootstrapContext using constructor [public org.springframework.test.context.support.DefaultBootstrapContext(java.lang.Class,org.springframework.test.context.CacheAwareContextLoaderDelegate)]
02:45:41.662 [Test worker] DEBUG org.springframework.test.context.BootstrapUtils - Instantiating TestContextBootstrapper for test class [org.example.spring.web.HelloControllerTest] from class [org.springframework.boot.test.autoconfigure.web.servlet.WebMvcTestContextBootstrapper]
02:45:41.673 [Test worker] INFO org.springframework.boot.test.autoconfigure.web.servlet.WebMvcTestContextBootstrapper - Neither @ContextConfiguration nor @ContextHierarchy found for test class [org.example.spring.web.HelloControllerTest], using SpringBootContextLoader
02:45:41.675 [Test worker] DEBUG org.springframework.test.context.support.AbstractContextLoader - Did not detect default resource location for test class [org.example.spring.web.HelloControllerTest]: class path resource [org/example/spring/web/HelloControllerTest-context.xml] does not exist
02:45:41.676 [Test worker] DEBUG org.springframework.test.context.support.AbstractContextLoader - Did not detect default resource location for test class [org.example.spring.web.HelloControllerTest]: class path resource [org/example/spring/web/HelloControllerTestContext.groovy] does not exist
02:45:41.676 [Test worker] INFO org.springframework.test.context.support.AbstractContextLoader - Could not detect default resource locations for test class [org.example.spring.web.HelloControllerTest]: no resource found for suffixes {-context.xml, Context.groovy}.
02:45:41.677 [Test worker] INFO org.springframework.test.context.support.AnnotationConfigContextLoaderUtils - Could not detect default configuration classes for test class [org.example.spring.web.HelloControllerTest]: HelloControllerTest does not declare any static, non-private, non-final, nested classes annotated with @Configuration.
02:45:41.724 [Test worker] DEBUG org.springframework.test.context.support.ActiveProfilesUtils - Could not find an 'annotation declaring class' for annotation type [org.springframework.test.context.ActiveProfiles] and class [org.example.spring.web.HelloControllerTest]
02:45:41.766 [Test worker] DEBUG org.springframework.context.annotation.ClassPathScanningCandidateComponentProvider - Identified candidate component class: file [/home/oem/IdeaProjects/aws-spring/build/classes/java/main/org/example/spring/Application.class]
02:45:41.766 [Test worker] INFO org.springframework.boot.test.context.SpringBootTestContextBootstrapper - Found @SpringBootConfiguration org.example.spring.Application for test class org.example.spring.web.HelloControllerTest
02:45:41.767 [Test worker] DEBUG org.springframework.boot.test.autoconfigure.web.servlet.WebMvcTestContextBootstrapper - @TestExecutionListeners is not present for class [org.example.spring.web.HelloControllerTest]: using defaults.
02:45:41.768 [Test worker] INFO org.springframework.boot.test.autoconfigure.web.servlet.WebMvcTestContextBootstrapper - Loaded default TestExecutionListener class names from location [META-INF/spring.factories]: [org.springframework.security.test.context.support.WithSecurityContextTestExecutionListener, org.springframework.security.test.context.support.ReactorContextTestExecutionListener, org.springframework.boot.test.autoconfigure.restdocs.RestDocsTestExecutionListener, org.springframework.boot.test.autoconfigure.web.client.MockRestServiceServerResetTestExecutionListener, org.springframework.boot.test.autoconfigure.web.servlet.MockMvcPrintOnlyOnFailureTestExecutionListener, org.springframework.boot.test.autoconfigure.web.servlet.WebDriverTestExecutionListener, org.springframework.boot.test.mock.mockito.MockitoTestExecutionListener, org.springframework.boot.test.mock.mockito.ResetMocksTestExecutionListener, org.springframework.test.context.web.ServletTestExecutionListener, org.springframework.test.context.support.DirtiesContextBeforeModesTestExecutionListener, org.springframework.test.context.support.DependencyInjectionTestExecutionListener, org.springframework.test.context.support.DirtiesContextTestExecutionListener, org.springframework.test.context.transaction.TransactionalTestExecutionListener, org.springframework.test.context.jdbc.SqlScriptsTestExecutionListener]
02:45:41.778 [Test worker] INFO org.springframework.boot.test.autoconfigure.web.servlet.WebMvcTestContextBootstrapper - Using TestExecutionListeners: [org.springframework.test.context.web.ServletTestExecutionListener@66f52bd9, org.springframework.test.context.support.DirtiesContextBeforeModesTestExecutionListener@1c186eac, org.springframework.boot.test.mock.mockito.MockitoTestExecutionListener@36176603, org.springframework.boot.test.autoconfigure.SpringBootDependencyInjectionTestExecutionListener@57e7a951, org.springframework.test.context.support.DirtiesContextTestExecutionListener@1803fb97, org.springframework.test.context.transaction.TransactionalTestExecutionListener@47b18b35, org.springframework.test.context.jdbc.SqlScriptsTestExecutionListener@4a9bdabe, org.springframework.security.test.context.support.WithSecurityContextTestExecutionListener@20dc5f9d, org.springframework.security.test.context.support.ReactorContextTestExecutionListener@2784d752, org.springframework.boot.test.autoconfigure.restdocs.RestDocsTestExecutionListener@6ca718b4, org.springframework.boot.test.autoconfigure.web.client.MockRestServiceServerResetTestExecutionListener@787d61b4, org.springframework.boot.test.autoconfigure.web.servlet.MockMvcPrintOnlyOnFailureTestExecutionListener@3a1ff991, org.springframework.boot.test.autoconfigure.web.servlet.WebDriverTestExecutionListener@3b2087c7, org.springframework.boot.test.mock.mockito.ResetMocksTestExecutionListener@6f965aaf]
02:45:41.780 [Test worker] DEBUG org.springframework.test.annotation.ProfileValueUtils - Retrieved @ProfileValueSourceConfiguration [null] for test class [org.example.spring.web.HelloControllerTest]
02:45:41.780 [Test worker] DEBUG org.springframework.test.annotation.ProfileValueUtils - Retrieved ProfileValueSource type [class org.springframework.test.annotation.SystemProfileValueSource] for class [org.example.spring.web.HelloControllerTest]
02:45:41.780 [Test worker] DEBUG org.springframework.test.annotation.ProfileValueUtils - Retrieved @ProfileValueSourceConfiguration [null] for test class [org.example.spring.web.HelloControllerTest]
02:45:41.780 [Test worker] DEBUG org.springframework.test.annotation.ProfileValueUtils - Retrieved ProfileValueSource type [class org.springframework.test.annotation.SystemProfileValueSource] for class [org.example.spring.web.HelloControllerTest]
02:45:41.783 [Test worker] DEBUG org.springframework.test.context.support.AbstractDirtiesContextTestExecutionListener - Before test class: context [DefaultTestContext@36b894fb testClass = HelloControllerTest, testInstance = [null], testMethod = [null], testException = [null], mergedContextConfiguration = [WebMergedContextConfiguration@967f980 testClass = HelloControllerTest, locations = '{}', classes = '{class org.example.spring.Application}', contextInitializerClasses = '[]', activeProfiles = '{}', propertySourceLocations = '{}', propertySourceProperties = '{org.springframework.boot.test.autoconfigure.web.servlet.WebMvcTestContextBootstrapper=true}', contextCustomizers = set[org.springframework.boot.test.autoconfigure.OverrideAutoConfigurationContextCustomizerFactory$DisableAutoConfigurationContextCustomizer@78631742, org.springframework.boot.test.autoconfigure.filter.TypeExcludeFiltersContextCustomizer@f67f761a, org.springframework.boot.test.autoconfigure.properties.PropertyMappingContextCustomizer@e472d3fe, org.springframework.boot.test.autoconfigure.web.servlet.WebDriverContextCustomizerFactory$Customizer@7905e3ee, [ImportsContextCustomizer@72277fab key = [org.springframework.boot.autoconfigure.cache.CacheAutoConfiguration, org.springframework.boot.autoconfigure.context.MessageSourceAutoConfiguration, org.springframework.boot.autoconfigure.data.web.SpringDataWebAutoConfiguration, org.springframework.boot.autoconfigure.freemarker.FreeMarkerAutoConfiguration, org.springframework.boot.autoconfigure.groovy.template.GroovyTemplateAutoConfiguration, org.springframework.boot.autoconfigure.gson.GsonAutoConfiguration, org.springframework.boot.autoconfigure.hateoas.HypermediaAutoConfiguration, org.springframework.boot.autoconfigure.http.HttpMessageConvertersAutoConfiguration, org.springframework.boot.autoconfigure.jackson.JacksonAutoConfiguration, org.springframework.boot.autoconfigure.jsonb.JsonbAutoConfiguration, org.springframework.boot.autoconfigure.mustache.MustacheAutoConfiguration, org.springframework.boot.autoconfigure.task.TaskExecutionAutoConfiguration, org.springframework.boot.autoconfigure.thymeleaf.ThymeleafAutoConfiguration, org.springframework.boot.autoconfigure.validation.ValidationAutoConfiguration, org.springframework.boot.autoconfigure.web.servlet.error.ErrorMvcAutoConfiguration, org.springframework.boot.autoconfigure.web.servlet.WebMvcAutoConfiguration, org.springframework.boot.test.autoconfigure.web.servlet.MockMvcAutoConfiguration, org.springframework.boot.test.autoconfigure.web.servlet.MockMvcSecurityAutoConfiguration, org.springframework.boot.test.autoconfigure.web.servlet.MockMvcWebClientAutoConfiguration, org.springframework.boot.test.autoconfigure.web.servlet.MockMvcWebDriverAutoConfiguration]], org.springframework.boot.test.context.filter.ExcludeFilterContextCustomizer@78cfc678, org.springframework.boot.test.json.DuplicateJsonObjectContextCustomizerFactory$DuplicateJsonObjectContextCustomizer@410b0641, org.springframework.boot.test.mock.mockito.MockitoContextCustomizer@0], resourceBasePath = 'src/main/webapp', contextLoader = 'org.springframework.boot.test.context.SpringBootContextLoader', parent = [null]], attributes = map[[empty]]], class annotated with @DirtiesContext [false] with mode [null].
02:45:41.784 [Test worker] DEBUG org.springframework.test.annotation.ProfileValueUtils - Retrieved @ProfileValueSourceConfiguration [null] for test class [org.example.spring.web.HelloControllerTest]
02:45:41.784 [Test worker] DEBUG org.springframework.test.annotation.ProfileValueUtils - Retrieved ProfileValueSource type [class org.springframework.test.annotation.SystemProfileValueSource] for class [org.example.spring.web.HelloControllerTest]
02:45:41.786 [Test worker] DEBUG org.springframework.test.context.support.DependencyInjectionTestExecutionListener - Performing dependency injection for test context [[DefaultTestContext@36b894fb testClass = HelloControllerTest, testInstance = org.example.spring.web.HelloControllerTest@4dac38fc, testMethod = [null], testException = [null], mergedContextConfiguration = [WebMergedContextConfiguration@967f980 testClass = HelloControllerTest, locations = '{}', classes = '{class org.example.spring.Application}', contextInitializerClasses = '[]', activeProfiles = '{}', propertySourceLocations = '{}', propertySourceProperties = '{org.springframework.boot.test.autoconfigure.web.servlet.WebMvcTestContextBootstrapper=true}', contextCustomizers = set[org.springframework.boot.test.autoconfigure.OverrideAutoConfigurationContextCustomizerFactory$DisableAutoConfigurationContextCustomizer@78631742, org.springframework.boot.test.autoconfigure.filter.TypeExcludeFiltersContextCustomizer@f67f761a, org.springframework.boot.test.autoconfigure.properties.PropertyMappingContextCustomizer@e472d3fe, org.springframework.boot.test.autoconfigure.web.servlet.WebDriverContextCustomizerFactory$Customizer@7905e3ee, [ImportsContextCustomizer@72277fab key = [org.springframework.boot.autoconfigure.cache.CacheAutoConfiguration, org.springframework.boot.autoconfigure.context.MessageSourceAutoConfiguration, org.springframework.boot.autoconfigure.data.web.SpringDataWebAutoConfiguration, org.springframework.boot.autoconfigure.freemarker.FreeMarkerAutoConfiguration, org.springframework.boot.autoconfigure.groovy.template.GroovyTemplateAutoConfiguration, org.springframework.boot.autoconfigure.gson.GsonAutoConfiguration, org.springframework.boot.autoconfigure.hateoas.HypermediaAutoConfiguration, org.springframework.boot.autoconfigure.http.HttpMessageConvertersAutoConfiguration, org.springframework.boot.autoconfigure.jackson.JacksonAutoConfiguration, org.springframework.boot.autoconfigure.jsonb.JsonbAutoConfiguration, org.springframework.boot.autoconfigure.mustache.MustacheAutoConfiguration, org.springframework.boot.autoconfigure.task.TaskExecutionAutoConfiguration, org.springframework.boot.autoconfigure.thymeleaf.ThymeleafAutoConfiguration, org.springframework.boot.autoconfigure.validation.ValidationAutoConfiguration, org.springframework.boot.autoconfigure.web.servlet.error.ErrorMvcAutoConfiguration, org.springframework.boot.autoconfigure.web.servlet.WebMvcAutoConfiguration, org.springframework.boot.test.autoconfigure.web.servlet.MockMvcAutoConfiguration, org.springframework.boot.test.autoconfigure.web.servlet.MockMvcSecurityAutoConfiguration, org.springframework.boot.test.autoconfigure.web.servlet.MockMvcWebClientAutoConfiguration, org.springframework.boot.test.autoconfigure.web.servlet.MockMvcWebDriverAutoConfiguration]], org.springframework.boot.test.context.filter.ExcludeFilterContextCustomizer@78cfc678, org.springframework.boot.test.json.DuplicateJsonObjectContextCustomizerFactory$DuplicateJsonObjectContextCustomizer@410b0641, org.springframework.boot.test.mock.mockito.MockitoContextCustomizer@0], resourceBasePath = 'src/main/webapp', contextLoader = 'org.springframework.boot.test.context.SpringBootContextLoader', parent = [null]], attributes = map[[empty]]]].
02:45:41.844 [Test worker] DEBUG org.springframework.test.context.support.TestPropertySourceUtils - Adding inlined properties to environment: {spring.jmx.enabled=false, org.springframework.boot.test.autoconfigure.web.servlet.WebMvcTestContextBootstrapper=true, server.port=-1}

  .   ____          _            __ _ _
 /\\ / ___'_ __ _ _(_)_ __  __ _ \ \ \ \
( ( )\___ | '_ | '_| | '_ \/ _` | \ \ \ \
 \\/  ___)| |_)| | | | | || (_| |  ) ) ) )
  '  |____| .__|_| |_|_| |_\__, | / / / /
 =========|_|==============|___/=/_/_/_/
 :: Spring Boot ::        (v2.1.7.RELEASE)

2020-05-08 02:45:42.022  INFO 112158 --- [    Test worker] o.e.spring.web.HelloControllerTest       : Starting HelloControllerTest on ThinkPad with PID 112158 (started by oem in /home/oem/IdeaProjects/aws-spring)
2020-05-08 02:45:42.025  INFO 112158 --- [    Test worker] o.e.spring.web.HelloControllerTest       : No active profile set, falling back to default profiles: default
2020-05-08 02:45:42.915  INFO 112158 --- [    Test worker] o.s.s.concurrent.ThreadPoolTaskExecutor  : Initializing ExecutorService 'applicationTaskExecutor'
2020-05-08 02:45:42.974  INFO 112158 --- [    Test worker] o.s.b.a.w.s.WelcomePageHandlerMapping    : Adding welcome page template: index
2020-05-08 02:45:43.172  INFO 112158 --- [    Test worker] .s.s.UserDetailsServiceAutoConfiguration : 

Using generated security password: a90345f3-0cb5-4ba8-96b4-8d19c22648d1

2020-05-08 02:45:43.288  INFO 112158 --- [    Test worker] o.s.s.web.DefaultSecurityFilterChain     : Creating filter chain: any request, [org.springframework.security.web.context.request.async.WebAsyncManagerIntegrationFilter@669dbb3, org.springframework.security.web.context.SecurityContextPersistenceFilter@5433b33e, org.springframework.security.web.header.HeaderWriterFilter@23f0bb28, org.springframework.security.web.csrf.CsrfFilter@3a14c62b, org.springframework.security.web.authentication.logout.LogoutFilter@625ecb54, org.springframework.security.web.authentication.UsernamePasswordAuthenticationFilter@21cd060d, org.springframework.security.web.authentication.ui.DefaultLoginPageGeneratingFilter@293c5a14, org.springframework.security.web.authentication.ui.DefaultLogoutPageGeneratingFilter@b8947ca, org.springframework.security.web.authentication.www.BasicAuthenticationFilter@6f8f2f12, org.springframework.security.web.savedrequest.RequestCacheAwareFilter@664b6c6, org.springframework.security.web.servletapi.SecurityContextHolderAwareRequestFilter@4f23ff4c, org.springframework.security.web.authentication.AnonymousAuthenticationFilter@1ac2ef54, org.springframework.security.web.session.SessionManagementFilter@49298488, org.springframework.security.web.access.ExceptionTranslationFilter@3059f02, org.springframework.security.web.access.intercept.FilterSecurityInterceptor@17443ba9]
2020-05-08 02:45:43.321  INFO 112158 --- [    Test worker] o.s.b.t.m.w.SpringBootMockServletContext : Initializing Spring TestDispatcherServlet ''
2020-05-08 02:45:43.321  INFO 112158 --- [    Test worker] o.s.t.web.servlet.TestDispatcherServlet  : Initializing Servlet ''
2020-05-08 02:45:43.333  INFO 112158 --- [    Test worker] o.s.t.web.servlet.TestDispatcherServlet  : Completed initialization in 12 ms
2020-05-08 02:45:43.370  INFO 112158 --- [    Test worker] o.e.spring.web.HelloControllerTest       : Started HelloControllerTest in 1.52 seconds (JVM running for 2.129)
]]></system-out>
  <system-err><![CDATA[]]></system-err>
</testsuite>
